[2022-04-25 10:14:11] [1] [INFO] TEST [ultimateqa - openHomeTest] STARTED at [19:14:11 2022-04-25]
[2022-04-25 10:14:19] [30] [INFO] INFO: opening url 'https://ultimateqa.com/automation/'
[2022-04-25 10:14:21] [30] [INFO] URL 'https://ultimateqa.com/automation/' opened
[2022-04-25 10:14:44] [1] [WARN] Loaded page url is as expected but page loading marker element is not visible: By.className: news-column-index
[2022-04-25 10:14:48] [1] [ERROR] TEST [ultimateqa - openHomeTest] FAILED at [19:14:48 2022-04-25] - Home page is not opened expected [true] but found [false]

org.testng.Assert.fail(Assert.java:99)
org.testng.Assert.failNotEquals(Assert.java:1037)
org.testng.Assert.assertTrue(Assert.java:45)
com.example.carina.demo.TC001.openHomeTest(TC001.java:19)
java.base/jdk.internal.reflect.DirectMethodHandleAccessor.invoke(DirectMethodHandleAccessor.java:104)
java.base/java.lang.reflect.Method.invoke(Method.java:577)
org.testng.internal.MethodInvocationHelper.invokeMethod(MethodInvocationHelper.java:133)
org.testng.internal.TestInvoker.invokeMethod(TestInvoker.java:598)
org.testng.internal.TestInvoker.invokeTestMethod(TestInvoker.java:173)
org.testng.internal.MethodRunner.runInSequence(MethodRunner.java:46)
org.testng.internal.TestInvoker$MethodInvocationAgent.invoke(TestInvoker.java:824)
org.testng.internal.TestInvoker.invokeTestMethods(TestInvoker.java:146)
org.testng.internal.TestMethodWorker.invokeTestMethods(TestMethodWorker.java:146)
org.testng.internal.TestMethodWorker.run(TestMethodWorker.java:128)
java.base/java.util.ArrayList.forEach(ArrayList.java:1511)
org.testng.TestRunner.privateRun(TestRunner.java:794)
org.testng.TestRunner.run(TestRunner.java:596)
org.testng.SuiteRunner.runTest(SuiteRunner.java:377)
org.testng.SuiteRunner.runSequentially(SuiteRunner.java:371)
org.testng.SuiteRunner.privateRun(SuiteRunner.java:332)
org.testng.SuiteRunner.run(SuiteRunner.java:276)
org.testng.SuiteRunnerWorker.runSuite(SuiteRunnerWorker.java:53)
org.testng.SuiteRunnerWorker.run(SuiteRunnerWorker.java:96)
org.testng.TestNG.runSuitesSequentially(TestNG.java:1212)
org.testng.TestNG.runSuitesLocally(TestNG.java:1134)
org.testng.TestNG.runSuites(TestNG.java:1063)
org.testng.TestNG.run(TestNG.java:1031)
com.intellij.rt.testng.IDEARemoteTestNG.run(IDEARemoteTestNG.java:66)
com.intellij.rt.testng.RemoteTestNGStarter.main(RemoteTestNGStarter.java:109)
